Flow report for DE0_Nano_QSYS
Sat Aug 31 21:48:48 2019
Quartus Prime Version 18.1.0 Build 625 09/12/2018 SJ Lite Edition


---------------------
; Table of Contents ;
---------------------
  1. Legal Notice
  2. Flow Summary
  3. Flow Settings
  4. Flow Non-Default Global Settings
  5. Flow Elapsed Time
  6. Flow OS Summary
  7. Flow Log
  8. Flow Messages
  9. Flow Suppressed Messages



----------------
; Legal Notice ;
----------------
Copyright (C) 2018  Intel Corporation. All rights reserved.
Your use of Intel Corporation's design tools, logic functions 
and other software and tools, and its AMPP partner logic 
functions, and any output files from any of the foregoing 
(including device programming or simulation files), and any 
associated documentation or information are expressly subject 
to the terms and conditions of the Intel Program License 
Subscription Agreement, the Intel Quartus Prime License Agreement,
the Intel FPGA IP License Agreement, or other applicable license
agreement, including, without limitation, that your use is for
the sole purpose of programming logic devices manufactured by
Intel and sold by Intel or its authorized distributors.  Please
refer to the applicable agreement for further details.



+----------------------------------------------------------------------------------+
; Flow Summary                                                                     ;
+------------------------------------+---------------------------------------------+
; Flow Status                        ; Successful - Sat Aug 31 21:48:48 2019       ;
; Quartus Prime Version              ; 18.1.0 Build 625 09/12/2018 SJ Lite Edition ;
; Revision Name                      ; DE0_Nano_QSYS                               ;
; Top-level Entity Name              ; my_nios1                                    ;
; Family                             ; Cyclone IV E                                ;
; Device                             ; EP4CE22F17C6                                ;
; Timing Models                      ; Final                                       ;
; Total logic elements               ; 2,456 / 22,320 ( 11 % )                     ;
;     Total combinational functions  ; 2,221 / 22,320 ( 10 % )                     ;
;     Dedicated logic registers      ; 1,434 / 22,320 ( 6 % )                      ;
; Total registers                    ; 1503                                        ;
; Total pins                         ; 57 / 154 ( 37 % )                           ;
; Total virtual pins                 ; 0                                           ;
; Total memory bits                  ; 44,032 / 608,256 ( 7 % )                    ;
; Embedded Multiplier 9-bit elements ; 0 / 132 ( 0 % )                             ;
; Total PLLs                         ; 1 / 4 ( 25 % )                              ;
+------------------------------------+---------------------------------------------+


+-----------------------------------------+
; Flow Settings                           ;
+-------------------+---------------------+
; Option            ; Setting             ;
+-------------------+---------------------+
; Start date & time ; 08/31/2019 21:47:44 ;
; Main task         ; Compilation         ;
; Revision Name     ; DE0_Nano_QSYS       ;
+-------------------+---------------------+


+-------------------------------------------------------------------------------------------------------------------------------------------------+
; Flow Non-Default Global Settings                                                                                                                ;
+-------------------------------------+------------------------------------------------------------+---------------+-------------+----------------+
; Assignment Name                     ; Value                                                      ; Default Value ; Entity Name ; Section Id     ;
+-------------------------------------+------------------------------------------------------------+---------------+-------------+----------------+
; COMPILER_SIGNATURE_ID               ; 242971818137559.156730606409400                            ; --            ; --          ; --             ;
; EDA_OUTPUT_DATA_FORMAT              ; Vhdl                                                       ; --            ; --          ; eda_simulation ;
; EDA_SIMULATION_TOOL                 ; ModelSim-Altera (VHDL)                                     ; <None>        ; --          ; --             ;
; MAX_CORE_JUNCTION_TEMP              ; 85                                                         ; --            ; --          ; --             ;
; MIN_CORE_JUNCTION_TEMP              ; 0                                                          ; --            ; --          ; --             ;
; MISC_FILE                           ; QSYS/my_nios1/synthesis/../my_nios1.cmp                    ; --            ; --          ; --             ;
; MISC_FILE                           ; QSYS/my_nios1/synthesis/../../my_nios1.qsys                ; --            ; --          ; --             ;
; NOMINAL_CORE_SUPPLY_VOLTAGE         ; 1.2V                                                       ; --            ; --          ; --             ;
; PARTITION_COLOR                     ; -- (Not supported for targeted family)                     ; --            ; my_nios1    ; Top            ;
; PARTITION_FITTER_PRESERVATION_LEVEL ; -- (Not supported for targeted family)                     ; --            ; my_nios1    ; Top            ;
; PARTITION_NETLIST_TYPE              ; -- (Not supported for targeted family)                     ; --            ; my_nios1    ; Top            ;
; POWER_BOARD_THERMAL_MODEL           ; None (CONSERVATIVE)                                        ; --            ; --          ; --             ;
; POWER_PRESET_COOLING_SOLUTION       ; 23 MM HEAT SINK WITH 200 LFPM AIRFLOW                      ; --            ; --          ; --             ;
; PROJECT_OUTPUT_DIRECTORY            ; output_files                                               ; --            ; --          ; --             ;
; SLD_FILE                            ; QSYS/my_nios1/synthesis/my_nios1.regmap                    ; --            ; --          ; --             ;
; SLD_FILE                            ; QSYS/my_nios1/synthesis/my_nios1.debuginfo                 ; --            ; --          ; --             ;
; SLD_INFO                            ; QSYS_NAME my_nios1 HAS_SOPCINFO 1 GENERATION_ID 1567305990 ; --            ; my_nios1    ; --             ;
; SOPCINFO_FILE                       ; QSYS/my_nios1/synthesis/../../my_nios1.sopcinfo            ; --            ; --          ; --             ;
; SYNTHESIS_ONLY_QIP                  ; On                                                         ; --            ; --          ; --             ;
; TOP_LEVEL_ENTITY                    ; my_nios1                                                   ; DE0_Nano_QSYS ; --          ; --             ;
+-------------------------------------+------------------------------------------------------------+---------------+-------------+----------------+


+--------------------------------------------------------------------------------------------------------------------------+
; Flow Elapsed Time                                                                                                        ;
+----------------------+--------------+-------------------------+---------------------+------------------------------------+
; Module Name          ; Elapsed Time ; Average Processors Used ; Peak Virtual Memory ; Total CPU Time (on all processors) ;
+----------------------+--------------+-------------------------+---------------------+------------------------------------+
; Analysis & Synthesis ; 00:00:31     ; 1.0                     ; 4935 MB             ; 00:00:47                           ;
; Fitter               ; 00:00:09     ; 1.1                     ; 5718 MB             ; 00:00:12                           ;
; Assembler            ; 00:00:01     ; 1.0                     ; 4709 MB             ; 00:00:01                           ;
; Timing Analyzer      ; 00:00:03     ; 1.2                     ; 4862 MB             ; 00:00:03                           ;
; EDA Netlist Writer   ; 00:00:04     ; 1.0                     ; 4701 MB             ; 00:00:04                           ;
; Total                ; 00:00:48     ; --                      ; --                  ; 00:01:07                           ;
+----------------------+--------------+-------------------------+---------------------+------------------------------------+


+-----------------------------------------------------------------------------------+
; Flow OS Summary                                                                   ;
+----------------------+------------------+-----------+------------+----------------+
; Module Name          ; Machine Hostname ; OS Name   ; OS Version ; Processor type ;
+----------------------+------------------+-----------+------------+----------------+
; Analysis & Synthesis ; DESKTOP-VEFKCJG  ; Windows 7 ; 6.1        ; x86_64         ;
; Fitter               ; DESKTOP-VEFKCJG  ; Windows 7 ; 6.1        ; x86_64         ;
; Assembler            ; DESKTOP-VEFKCJG  ; Windows 7 ; 6.1        ; x86_64         ;
; Timing Analyzer      ; DESKTOP-VEFKCJG  ; Windows 7 ; 6.1        ; x86_64         ;
; EDA Netlist Writer   ; DESKTOP-VEFKCJG  ; Windows 7 ; 6.1        ; x86_64         ;
+----------------------+------------------+-----------+------------+----------------+


------------
; Flow Log ;
------------
quartus_map --read_settings_files=on --write_settings_files=off DE0_Nano_QSYS -c DE0_Nano_QSYS
quartus_fit --read_settings_files=off --write_settings_files=off DE0_Nano_QSYS -c DE0_Nano_QSYS
quartus_asm --read_settings_files=off --write_settings_files=off DE0_Nano_QSYS -c DE0_Nano_QSYS
quartus_sta DE0_Nano_QSYS -c DE0_Nano_QSYS
quartus_eda --read_settings_files=off --write_settings_files=off DE0_Nano_QSYS -c DE0_Nano_QSYS



